{"C:\\Users\\user\\Desktop\\play ground\\task_management_application\\backend\\src\\config\\db.ts": {"path":"C:\\Users\\user\\Desktop\\play ground\\task_management_application\\backend\\src\\config\\db.ts","statementMap":{"0":{"start":{"line":1,"column":0},"end":{"line":1,"column":26}},"1":{"start":{"line":2,"column":0},"end":{"line":2,"column":28}},"2":{"start":{"line":4,"column":0},"end":{"line":4,"column":16}},"3":{"start":{"line":6,"column":13},"end":{"line":8,"column":2}},"4":{"start":{"line":10,"column":0},"end":{"line":12,"column":3}},"5":{"start":{"line":11,"column":2},"end":{"line":11,"column":56}},"6":{"start":{"line":14,"column":0},"end":{"line":14,"column":20}}},"fnMap":{"0":{"name":"(anonymous_1)","decl":{"start":{"line":10,"column":17},"end":{"line":10,"column":18}},"loc":{"start":{"line":10,"column":32},"end":{"line":12,"column":1}}}},"branchMap":{},"s":{"0":0,"1":0,"2":0,"3":0,"4":0,"5":0,"6":0},"f":{"0":0},"b":{}}
,"C:\\Users\\user\\Desktop\\play ground\\task_management_application\\backend\\src\\controllers\\task.controller.ts": {"path":"C:\\Users\\user\\Desktop\\play ground\\task_management_application\\backend\\src\\controllers\\task.controller.ts","statementMap":{"0":{"start":{"line":2,"column":0},"end":{"line":2,"column":79}},"1":{"start":{"line":3,"column":0},"end":{"line":3,"column":55}},"2":{"start":{"line":4,"column":0},"end":{"line":4,"column":24}},"3":{"start":{"line":10,"column":4},"end":{"line":10,"column":41}},"4":{"start":{"line":18,"column":4},"end":{"line":42,"column":5}},"5":{"start":{"line":20,"column":20},"end":{"line":20,"column":76}},"6":{"start":{"line":21,"column":21},"end":{"line":21,"column":62}},"7":{"start":{"line":22,"column":22},"end":{"line":22,"column":62}},"8":{"start":{"line":23,"column":24},"end":{"line":23,"column":66}},"9":{"start":{"line":24,"column":24},"end":{"line":24,"column":66}},"10":{"start":{"line":27,"column":21},"end":{"line":33,"column":8}},"11":{"start":{"line":36,"column":6},"end":{"line":39,"column":9}},"12":{"start":{"line":41,"column":6},"end":{"line":41,"column":35}},"13":{"start":{"line":50,"column":4},"end":{"line":65,"column":5}},"14":{"start":{"line":52,"column":28},"end":{"line":52,"column":60}},"15":{"start":{"line":55,"column":19},"end":{"line":55,"column":67}},"16":{"start":{"line":58,"column":6},"end":{"line":62,"column":9}},"17":{"start":{"line":64,"column":6},"end":{"line":64,"column":35}},"18":{"start":{"line":73,"column":4},"end":{"line":103,"column":5}},"19":{"start":{"line":74,"column":21},"end":{"line":74,"column":34}},"20":{"start":{"line":77,"column":6},"end":{"line":83,"column":7}},"21":{"start":{"line":78,"column":8},"end":{"line":81,"column":11}},"22":{"start":{"line":82,"column":8},"end":{"line":82,"column":15}},"23":{"start":{"line":86,"column":21},"end":{"line":86,"column":63}},"24":{"start":{"line":88,"column":6},"end":{"line":94,"column":7}},"25":{"start":{"line":89,"column":8},"end":{"line":92,"column":11}},"26":{"start":{"line":93,"column":8},"end":{"line":93,"column":15}},"27":{"start":{"line":97,"column":6},"end":{"line":100,"column":9}},"28":{"start":{"line":102,"column":6},"end":{"line":102,"column":35}},"29":{"start":{"line":111,"column":4},"end":{"line":145,"column":5}},"30":{"start":{"line":112,"column":21},"end":{"line":112,"column":34}},"31":{"start":{"line":115,"column":6},"end":{"line":121,"column":7}},"32":{"start":{"line":116,"column":8},"end":{"line":119,"column":11}},"33":{"start":{"line":120,"column":8},"end":{"line":120,"column":15}},"34":{"start":{"line":124,"column":28},"end":{"line":124,"column":60}},"35":{"start":{"line":127,"column":19},"end":{"line":127,"column":75}},"36":{"start":{"line":129,"column":6},"end":{"line":135,"column":7}},"37":{"start":{"line":130,"column":8},"end":{"line":133,"column":11}},"38":{"start":{"line":134,"column":8},"end":{"line":134,"column":15}},"39":{"start":{"line":138,"column":6},"end":{"line":142,"column":9}},"40":{"start":{"line":144,"column":6},"end":{"line":144,"column":35}},"41":{"start":{"line":153,"column":4},"end":{"line":183,"column":5}},"42":{"start":{"line":154,"column":21},"end":{"line":154,"column":34}},"43":{"start":{"line":157,"column":6},"end":{"line":163,"column":7}},"44":{"start":{"line":158,"column":8},"end":{"line":161,"column":11}},"45":{"start":{"line":162,"column":8},"end":{"line":162,"column":15}},"46":{"start":{"line":166,"column":22},"end":{"line":166,"column":63}},"47":{"start":{"line":168,"column":6},"end":{"line":174,"column":7}},"48":{"start":{"line":169,"column":8},"end":{"line":172,"column":11}},"49":{"start":{"line":173,"column":8},"end":{"line":173,"column":15}},"50":{"start":{"line":177,"column":6},"end":{"line":180,"column":9}},"51":{"start":{"line":182,"column":6},"end":{"line":182,"column":35}},"52":{"start":{"line":191,"column":6},"end":{"line":191,"column":71}},"53":{"start":{"line":192,"column":4},"end":{"line":192,"column":32}},"54":{"start":{"line":199,"column":4},"end":{"line":220,"column":5}},"55":{"start":{"line":200,"column":6},"end":{"line":207,"column":9}},"56":{"start":{"line":203,"column":57},"end":{"line":206,"column":10}},"57":{"start":{"line":208,"column":11},"end":{"line":220,"column":5}},"58":{"start":{"line":209,"column":6},"end":{"line":209,"column":45}},"59":{"start":{"line":210,"column":6},"end":{"line":214,"column":9}},"60":{"start":{"line":216,"column":6},"end":{"line":219,"column":9}},"61":{"start":{"line":6,"column":0},"end":{"line":6,"column":13}}},"fnMap":{"0":{"name":"(anonymous_0)","decl":{"start":{"line":9,"column":2},"end":{"line":9,"column":null}},"loc":{"start":{"line":9,"column":2},"end":{"line":11,"column":3}}},"1":{"name":"(anonymous_1)","decl":{"start":{"line":17,"column":2},"end":{"line":17,"column":7}},"loc":{"start":{"line":17,"column":44},"end":{"line":43,"column":3}}},"2":{"name":"(anonymous_2)","decl":{"start":{"line":49,"column":2},"end":{"line":49,"column":7}},"loc":{"start":{"line":49,"column":46},"end":{"line":66,"column":3}}},"3":{"name":"(anonymous_3)","decl":{"start":{"line":72,"column":2},"end":{"line":72,"column":7}},"loc":{"start":{"line":72,"column":47},"end":{"line":104,"column":3}}},"4":{"name":"(anonymous_4)","decl":{"start":{"line":110,"column":2},"end":{"line":110,"column":7}},"loc":{"start":{"line":110,"column":46},"end":{"line":146,"column":3}}},"5":{"name":"(anonymous_5)","decl":{"start":{"line":152,"column":2},"end":{"line":152,"column":7}},"loc":{"start":{"line":152,"column":46},"end":{"line":184,"column":3}}},"6":{"name":"(anonymous_6)","decl":{"start":{"line":189,"column":10},"end":{"line":189,"column":21}},"loc":{"start":{"line":189,"column":34},"end":{"line":193,"column":3}}},"7":{"name":"(anonymous_7)","decl":{"start":{"line":198,"column":10},"end":{"line":198,"column":21}},"loc":{"start":{"line":198,"column":51},"end":{"line":221,"column":3}}},"8":{"name":"(anonymous_8)","decl":{"start":{"line":203,"column":33},"end":{"line":203,"column":34}},"loc":{"start":{"line":203,"column":57},"end":{"line":206,"column":10}}}},"branchMap":{"0":{"loc":{"start":{"line":20,"column":29},"end":{"line":20,"column":70}},"type":"binary-expr","locations":[{"start":{"line":20,"column":29},"end":{"line":20,"column":64}},{"start":{"line":20,"column":68},"end":{"line":20,"column":70}}]},"1":{"loc":{"start":{"line":21,"column":21},"end":{"line":21,"column":62}},"type":"binary-expr","locations":[{"start":{"line":21,"column":21},"end":{"line":21,"column":57}},{"start":{"line":21,"column":61},"end":{"line":21,"column":62}}]},"2":{"loc":{"start":{"line":22,"column":22},"end":{"line":22,"column":62}},"type":"binary-expr","locations":[{"start":{"line":22,"column":22},"end":{"line":22,"column":49}},{"start":{"line":22,"column":53},"end":{"line":22,"column":62}}]},"3":{"loc":{"start":{"line":23,"column":24},"end":{"line":23,"column":66}},"type":"binary-expr","locations":[{"start":{"line":23,"column":24},"end":{"line":23,"column":53}},{"start":{"line":23,"column":57},"end":{"line":23,"column":66}}]},"4":{"loc":{"start":{"line":24,"column":24},"end":{"line":24,"column":66}},"type":"binary-expr","locations":[{"start":{"line":24,"column":24},"end":{"line":24,"column":53}},{"start":{"line":24,"column":57},"end":{"line":24,"column":66}}]},"5":{"loc":{"start":{"line":77,"column":6},"end":{"line":83,"column":7}},"type":"if","locations":[{"start":{"line":77,"column":6},"end":{"line":83,"column":7}}]},"6":{"loc":{"start":{"line":88,"column":6},"end":{"line":94,"column":7}},"type":"if","locations":[{"start":{"line":88,"column":6},"end":{"line":94,"column":7}}]},"7":{"loc":{"start":{"line":115,"column":6},"end":{"line":121,"column":7}},"type":"if","locations":[{"start":{"line":115,"column":6},"end":{"line":121,"column":7}}]},"8":{"loc":{"start":{"line":129,"column":6},"end":{"line":135,"column":7}},"type":"if","locations":[{"start":{"line":129,"column":6},"end":{"line":135,"column":7}}]},"9":{"loc":{"start":{"line":157,"column":6},"end":{"line":163,"column":7}},"type":"if","locations":[{"start":{"line":157,"column":6},"end":{"line":163,"column":7}}]},"10":{"loc":{"start":{"line":168,"column":6},"end":{"line":174,"column":7}},"type":"if","locations":[{"start":{"line":168,"column":6},"end":{"line":174,"column":7}}]},"11":{"loc":{"start":{"line":199,"column":4},"end":{"line":220,"column":5}},"type":"if","locations":[{"start":{"line":199,"column":4},"end":{"line":220,"column":5}},{"start":{"line":208,"column":11},"end":{"line":220,"column":5}}]},"12":{"loc":{"start":{"line":208,"column":11},"end":{"line":220,"column":5}},"type":"if","locations":[{"start":{"line":208,"column":11},"end":{"line":220,"column":5}},{"start":{"line":215,"column":11},"end":{"line":220,"column":5}}]}},"s":{"0":0,"1":0,"2":0,"3":0,"4":0,"5":0,"6":0,"7":0,"8":0,"9":0,"10":0,"11":0,"12":0,"13":0,"14":0,"15":0,"16":0,"17":0,"18":0,"19":0,"20":0,"21":0,"22":0,"23":0,"24":0,"25":0,"26":0,"27":0,"28":0,"29":0,"30":0,"31":0,"32":0,"33":0,"34":0,"35":0,"36":0,"37":0,"38":0,"39":0,"40":0,"41":0,"42":0,"43":0,"44":0,"45":0,"46":0,"47":0,"48":0,"49":0,"50":0,"51":0,"52":0,"53":0,"54":0,"55":0,"56":0,"57":0,"58":0,"59":0,"60":0,"61":0},"f":{"0":0,"1":0,"2":0,"3":0,"4":0,"5":0,"6":0,"7":0,"8":0},"b":{"0":[0,0],"1":[0,0],"2":[0,0],"3":[0,0],"4":[0,0],"5":[0],"6":[0],"7":[0],"8":[0],"9":[0],"10":[0],"11":[0,0],"12":[0,0]}}
,"C:\\Users\\user\\Desktop\\play ground\\task_management_application\\backend\\src\\repositories\\task.repository.ts": {"path":"C:\\Users\\user\\Desktop\\play ground\\task_management_application\\backend\\src\\repositories\\task.repository.ts","statementMap":{"0":{"start":{"line":1,"column":0},"end":{"line":1,"column":32}},"1":{"start":{"line":9,"column":18},"end":{"line":9,"column":53}},"2":{"start":{"line":10,"column":19},"end":{"line":10,"column":48}},"3":{"start":{"line":12,"column":4},"end":{"line":14,"column":5}},"4":{"start":{"line":13,"column":6},"end":{"line":13,"column":18}},"5":{"start":{"line":16,"column":4},"end":{"line":16,"column":45}},"6":{"start":{"line":23,"column":18},"end":{"line":27,"column":6}},"7":{"start":{"line":29,"column":19},"end":{"line":29,"column":52}},"8":{"start":{"line":30,"column":4},"end":{"line":30,"column":67}},"9":{"start":{"line":30,"column":36},"end":{"line":30,"column":65}},"10":{"start":{"line":38,"column":33},"end":{"line":38,"column":35}},"11":{"start":{"line":39,"column":26},"end":{"line":39,"column":28}},"12":{"start":{"line":40,"column":21},"end":{"line":40,"column":22}},"13":{"start":{"line":42,"column":4},"end":{"line":46,"column":5}},"14":{"start":{"line":43,"column":6},"end":{"line":43,"column":49}},"15":{"start":{"line":44,"column":6},"end":{"line":44,"column":25}},"16":{"start":{"line":45,"column":6},"end":{"line":45,"column":19}},"17":{"start":{"line":49,"column":4},"end":{"line":49,"column":42}},"18":{"start":{"line":51,"column":18},"end":{"line":56,"column":6}},"19":{"start":{"line":58,"column":4},"end":{"line":58,"column":20}},"20":{"start":{"line":59,"column":19},"end":{"line":59,"column":50}},"21":{"start":{"line":60,"column":4},"end":{"line":60,"column":45}},"22":{"start":{"line":67,"column":18},"end":{"line":67,"column":51}},"23":{"start":{"line":68,"column":4},"end":{"line":68,"column":34}},"24":{"start":{"line":89,"column":38},"end":{"line":89,"column":40}},"25":{"start":{"line":90,"column":26},"end":{"line":90,"column":28}},"26":{"start":{"line":91,"column":21},"end":{"line":91,"column":22}},"27":{"start":{"line":93,"column":4},"end":{"line":97,"column":5}},"28":{"start":{"line":94,"column":6},"end":{"line":94,"column":54}},"29":{"start":{"line":95,"column":6},"end":{"line":95,"column":34}},"30":{"start":{"line":96,"column":6},"end":{"line":96,"column":19}},"31":{"start":{"line":99,"column":4},"end":{"line":103,"column":5}},"32":{"start":{"line":100,"column":6},"end":{"line":100,"column":56}},"33":{"start":{"line":101,"column":6},"end":{"line":101,"column":36}},"34":{"start":{"line":102,"column":6},"end":{"line":102,"column":19}},"35":{"start":{"line":105,"column":4},"end":{"line":109,"column":5}},"36":{"start":{"line":106,"column":6},"end":{"line":106,"column":56}},"37":{"start":{"line":107,"column":6},"end":{"line":107,"column":36}},"38":{"start":{"line":108,"column":6},"end":{"line":108,"column":19}},"39":{"start":{"line":113,"column":6},"end":{"line":115,"column":12}},"40":{"start":{"line":118,"column":23},"end":{"line":118,"column":75}},"41":{"start":{"line":119,"column":24},"end":{"line":119,"column":60}},"42":{"start":{"line":120,"column":23},"end":{"line":120,"column":62}},"43":{"start":{"line":123,"column":29},"end":{"line":123,"column":71}},"44":{"start":{"line":126,"column":18},"end":{"line":132,"column":6}},"45":{"start":{"line":134,"column":19},"end":{"line":134,"column":60}},"46":{"start":{"line":136,"column":4},"end":{"line":143,"column":6}},"47":{"start":{"line":137,"column":38},"end":{"line":137,"column":60}},"48":{"start":{"line":159,"column":18},"end":{"line":175,"column":6}},"49":{"start":{"line":177,"column":19},"end":{"line":187,"column":6}},"50":{"start":{"line":189,"column":19},"end":{"line":189,"column":50}},"51":{"start":{"line":190,"column":4},"end":{"line":190,"column":45}},"52":{"start":{"line":203,"column":18},"end":{"line":214,"column":6}},"53":{"start":{"line":216,"column":19},"end":{"line":222,"column":6}},"54":{"start":{"line":224,"column":19},"end":{"line":224,"column":50}},"55":{"start":{"line":225,"column":4},"end":{"line":225,"column":52}},"56":{"start":{"line":232,"column":4},"end":{"line":251,"column":6}},"57":{"start":{"line":258,"column":4},"end":{"line":272,"column":6}},"58":{"start":{"line":4,"column":0},"end":{"line":4,"column":13}}},"fnMap":{"0":{"name":"(anonymous_1)","decl":{"start":{"line":8,"column":2},"end":{"line":8,"column":7}},"loc":{"start":{"line":8,"column":30},"end":{"line":17,"column":3}}},"1":{"name":"(anonymous_2)","decl":{"start":{"line":22,"column":2},"end":{"line":22,"column":7}},"loc":{"start":{"line":22,"column":45},"end":{"line":31,"column":3}}},"2":{"name":"(anonymous_3)","decl":{"start":{"line":30,"column":27},"end":{"line":30,"column":28}},"loc":{"start":{"line":30,"column":36},"end":{"line":30,"column":65}}},"3":{"name":"(anonymous_4)","decl":{"start":{"line":36,"column":2},"end":{"line":36,"column":7}},"loc":{"start":{"line":36,"column":59},"end":{"line":61,"column":3}}},"4":{"name":"(anonymous_5)","decl":{"start":{"line":66,"column":2},"end":{"line":66,"column":7}},"loc":{"start":{"line":66,"column":33},"end":{"line":69,"column":3}}},"5":{"name":"(anonymous_6)","decl":{"start":{"line":74,"column":2},"end":{"line":74,"column":7}},"loc":{"start":{"line":80,"column":3},"end":{"line":144,"column":3}}},"6":{"name":"(anonymous_7)","decl":{"start":{"line":137,"column":29},"end":{"line":137,"column":30}},"loc":{"start":{"line":137,"column":38},"end":{"line":137,"column":60}}},"7":{"name":"(anonymous_8)","decl":{"start":{"line":149,"column":2},"end":{"line":149,"column":7}},"loc":{"start":{"line":158,"column":3},"end":{"line":191,"column":3}}},"8":{"name":"(anonymous_9)","decl":{"start":{"line":196,"column":2},"end":{"line":196,"column":7}},"loc":{"start":{"line":202,"column":3},"end":{"line":226,"column":3}}},"9":{"name":"(anonymous_10)","decl":{"start":{"line":231,"column":10},"end":{"line":231,"column":22}},"loc":{"start":{"line":231,"column":31},"end":{"line":252,"column":3}}},"10":{"name":"(anonymous_11)","decl":{"start":{"line":257,"column":10},"end":{"line":257,"column":29}},"loc":{"start":{"line":257,"column":38},"end":{"line":273,"column":3}}}},"branchMap":{"0":{"loc":{"start":{"line":12,"column":4},"end":{"line":14,"column":5}},"type":"if","locations":[{"start":{"line":12,"column":4},"end":{"line":14,"column":5}}]},"1":{"loc":{"start":{"line":93,"column":4},"end":{"line":97,"column":5}},"type":"if","locations":[{"start":{"line":93,"column":4},"end":{"line":97,"column":5}}]},"2":{"loc":{"start":{"line":99,"column":4},"end":{"line":103,"column":5}},"type":"if","locations":[{"start":{"line":99,"column":4},"end":{"line":103,"column":5}}]},"3":{"loc":{"start":{"line":105,"column":4},"end":{"line":109,"column":5}},"type":"if","locations":[{"start":{"line":105,"column":4},"end":{"line":109,"column":5}}]},"4":{"loc":{"start":{"line":113,"column":6},"end":{"line":115,"column":12}},"type":"cond-expr","locations":[{"start":{"line":114,"column":10},"end":{"line":114,"column":50}},{"start":{"line":115,"column":10},"end":{"line":115,"column":12}}]},"5":{"loc":{"start":{"line":219,"column":6},"end":{"line":219,"column":74}},"type":"cond-expr","locations":[{"start":{"line":219,"column":30},"end":{"line":219,"column":67}},{"start":{"line":219,"column":70},"end":{"line":219,"column":74}}]},"6":{"loc":{"start":{"line":220,"column":6},"end":{"line":220,"column":74}},"type":"cond-expr","locations":[{"start":{"line":220,"column":30},"end":{"line":220,"column":67}},{"start":{"line":220,"column":70},"end":{"line":220,"column":74}}]},"7":{"loc":{"start":{"line":242,"column":8},"end":{"line":244,"column":34}},"type":"cond-expr","locations":[{"start":{"line":243,"column":12},"end":{"line":243,"column":46}},{"start":{"line":244,"column":12},"end":{"line":244,"column":34}}]},"8":{"loc":{"start":{"line":246,"column":8},"end":{"line":248,"column":33}},"type":"cond-expr","locations":[{"start":{"line":247,"column":12},"end":{"line":247,"column":45}},{"start":{"line":248,"column":12},"end":{"line":248,"column":33}}]},"9":{"loc":{"start":{"line":263,"column":8},"end":{"line":265,"column":25}},"type":"cond-expr","locations":[{"start":{"line":264,"column":12},"end":{"line":264,"column":37}},{"start":{"line":265,"column":12},"end":{"line":265,"column":25}}]},"10":{"loc":{"start":{"line":267,"column":8},"end":{"line":269,"column":25}},"type":"cond-expr","locations":[{"start":{"line":268,"column":12},"end":{"line":268,"column":37}},{"start":{"line":269,"column":12},"end":{"line":269,"column":25}}]}},"s":{"0":0,"1":0,"2":0,"3":0,"4":0,"5":0,"6":0,"7":0,"8":0,"9":0,"10":0,"11":0,"12":0,"13":0,"14":0,"15":0,"16":0,"17":0,"18":0,"19":0,"20":0,"21":0,"22":0,"23":0,"24":0,"25":0,"26":0,"27":0,"28":0,"29":0,"30":0,"31":0,"32":0,"33":0,"34":0,"35":0,"36":0,"37":0,"38":0,"39":0,"40":0,"41":0,"42":0,"43":0,"44":0,"45":0,"46":0,"47":0,"48":0,"49":0,"50":0,"51":0,"52":0,"53":0,"54":0,"55":0,"56":0,"57":0,"58":0},"f":{"0":0,"1":0,"2":0,"3":0,"4":0,"5":0,"6":0,"7":0,"8":0,"9":0,"10":0},"b":{"0":[0],"1":[0],"2":[0],"3":[0],"4":[0,0],"5":[0,0],"6":[0,0],"7":[0,0],"8":[0,0],"9":[0,0],"10":[0,0]}}
,"C:\\Users\\user\\Desktop\\play ground\\task_management_application\\backend\\src\\routes\\task.routes.ts": {"path":"C:\\Users\\user\\Desktop\\play ground\\task_management_application\\backend\\src\\routes\\task.routes.ts","statementMap":{"0":{"start":{"line":1,"column":0},"end":{"line":1,"column":33}},"1":{"start":{"line":2,"column":0},"end":{"line":2,"column":64}},"2":{"start":{"line":4,"column":15},"end":{"line":4,"column":23}},"3":{"start":{"line":5,"column":23},"end":{"line":5,"column":43}},"4":{"start":{"line":11,"column":0},"end":{"line":11,"column":65}},"5":{"start":{"line":11,"column":30},"end":{"line":11,"column":63}},"6":{"start":{"line":17,"column":0},"end":{"line":17,"column":71}},"7":{"start":{"line":17,"column":33},"end":{"line":17,"column":69}},"8":{"start":{"line":23,"column":0},"end":{"line":23,"column":68}},"9":{"start":{"line":23,"column":31},"end":{"line":23,"column":66}},"10":{"start":{"line":29,"column":0},"end":{"line":29,"column":72}},"11":{"start":{"line":29,"column":35},"end":{"line":29,"column":70}},"12":{"start":{"line":35,"column":0},"end":{"line":35,"column":73}},"13":{"start":{"line":35,"column":36},"end":{"line":35,"column":71}},"14":{"start":{"line":37,"column":0},"end":{"line":37,"column":22}}},"fnMap":{"0":{"name":"(anonymous_0)","decl":{"start":{"line":11,"column":16},"end":{"line":11,"column":17}},"loc":{"start":{"line":11,"column":30},"end":{"line":11,"column":63}}},"1":{"name":"(anonymous_1)","decl":{"start":{"line":17,"column":19},"end":{"line":17,"column":20}},"loc":{"start":{"line":17,"column":33},"end":{"line":17,"column":69}}},"2":{"name":"(anonymous_2)","decl":{"start":{"line":23,"column":17},"end":{"line":23,"column":18}},"loc":{"start":{"line":23,"column":31},"end":{"line":23,"column":66}}},"3":{"name":"(anonymous_3)","decl":{"start":{"line":29,"column":21},"end":{"line":29,"column":22}},"loc":{"start":{"line":29,"column":35},"end":{"line":29,"column":70}}},"4":{"name":"(anonymous_4)","decl":{"start":{"line":35,"column":22},"end":{"line":35,"column":23}},"loc":{"start":{"line":35,"column":36},"end":{"line":35,"column":71}}}},"branchMap":{},"s":{"0":0,"1":0,"2":0,"3":0,"4":0,"5":0,"6":0,"7":0,"8":0,"9":0,"10":0,"11":0,"12":0,"13":0,"14":0},"f":{"0":0,"1":0,"2":0,"3":0,"4":0},"b":{}}
,"C:\\Users\\user\\Desktop\\play ground\\task_management_application\\backend\\src\\services\\task.service.ts": {"path":"C:\\Users\\user\\Desktop\\play ground\\task_management_application\\backend\\src\\services\\task.service.ts","statementMap":{"0":{"start":{"line":6,"column":0},"end":{"line":6,"column":65}},"1":{"start":{"line":7,"column":0},"end":{"line":7,"column":66}},"2":{"start":{"line":13,"column":4},"end":{"line":13,"column":47}},"3":{"start":{"line":33,"column":19},"end":{"line":33,"column":62}},"4":{"start":{"line":34,"column":4},"end":{"line":34,"column":18}},"5":{"start":{"line":44,"column":17},"end":{"line":44,"column":62}},"6":{"start":{"line":45,"column":4},"end":{"line":47,"column":5}},"7":{"start":{"line":46,"column":6},"end":{"line":46,"column":18}},"8":{"start":{"line":50,"column":20},"end":{"line":50,"column":76}},"9":{"start":{"line":53,"column":4},"end":{"line":56,"column":6}},"10":{"start":{"line":67,"column":25},"end":{"line":67,"column":70}},"11":{"start":{"line":68,"column":4},"end":{"line":70,"column":5}},"12":{"start":{"line":69,"column":6},"end":{"line":69,"column":18}},"13":{"start":{"line":73,"column":30},"end":{"line":73,"column":32}},"14":{"start":{"line":74,"column":47},"end":{"line":74,"column":49}},"15":{"start":{"line":75,"column":47},"end":{"line":75,"column":49}},"16":{"start":{"line":78,"column":4},"end":{"line":82,"column":5}},"17":{"start":{"line":79,"column":6},"end":{"line":79,"column":41}},"18":{"start":{"line":80,"column":6},"end":{"line":80,"column":43}},"19":{"start":{"line":81,"column":6},"end":{"line":81,"column":38}},"20":{"start":{"line":84,"column":4},"end":{"line":88,"column":5}},"21":{"start":{"line":85,"column":6},"end":{"line":85,"column":53}},"22":{"start":{"line":86,"column":6},"end":{"line":86,"column":55}},"23":{"start":{"line":87,"column":6},"end":{"line":87,"column":50}},"24":{"start":{"line":90,"column":4},"end":{"line":94,"column":5}},"25":{"start":{"line":91,"column":6},"end":{"line":91,"column":43}},"26":{"start":{"line":92,"column":6},"end":{"line":92,"column":45}},"27":{"start":{"line":93,"column":6},"end":{"line":93,"column":40}},"28":{"start":{"line":96,"column":4},"end":{"line":100,"column":5}},"29":{"start":{"line":97,"column":6},"end":{"line":97,"column":47}},"30":{"start":{"line":98,"column":6},"end":{"line":98,"column":49}},"31":{"start":{"line":99,"column":6},"end":{"line":99,"column":44}},"32":{"start":{"line":102,"column":4},"end":{"line":106,"column":5}},"33":{"start":{"line":103,"column":6},"end":{"line":103,"column":47}},"34":{"start":{"line":104,"column":6},"end":{"line":104,"column":49}},"35":{"start":{"line":105,"column":6},"end":{"line":105,"column":44}},"36":{"start":{"line":108,"column":4},"end":{"line":112,"column":5}},"37":{"start":{"line":109,"column":6},"end":{"line":109,"column":53}},"38":{"start":{"line":110,"column":6},"end":{"line":110,"column":55}},"39":{"start":{"line":111,"column":6},"end":{"line":111,"column":50}},"40":{"start":{"line":114,"column":4},"end":{"line":118,"column":5}},"41":{"start":{"line":115,"column":6},"end":{"line":115,"column":47}},"42":{"start":{"line":116,"column":6},"end":{"line":116,"column":49}},"43":{"start":{"line":117,"column":6},"end":{"line":117,"column":44}},"44":{"start":{"line":121,"column":4},"end":{"line":123,"column":5}},"45":{"start":{"line":122,"column":6},"end":{"line":122,"column":26}},"46":{"start":{"line":126,"column":24},"end":{"line":128,"column":null}},"47":{"start":{"line":132,"column":4},"end":{"line":138,"column":7}},"48":{"start":{"line":140,"column":4},"end":{"line":140,"column":23}},"49":{"start":{"line":148,"column":25},"end":{"line":148,"column":70}},"50":{"start":{"line":149,"column":4},"end":{"line":151,"column":5}},"51":{"start":{"line":150,"column":6},"end":{"line":150,"column":19}},"52":{"start":{"line":155,"column":4},"end":{"line":155,"column":53}},"53":{"start":{"line":157,"column":4},"end":{"line":157,"column":16}},"54":{"start":{"line":165,"column":21},"end":{"line":167,"column":null}},"55":{"start":{"line":171,"column":21},"end":{"line":173,"column":null}},"56":{"start":{"line":177,"column":30},"end":{"line":180,"column":null}},"57":{"start":{"line":184,"column":29},"end":{"line":184,"column":77}},"58":{"start":{"line":187,"column":17},"end":{"line":196,"column":6}},"59":{"start":{"line":199,"column":4},"end":{"line":210,"column":7}},"60":{"start":{"line":212,"column":4},"end":{"line":212,"column":16}},"61":{"start":{"line":9,"column":0},"end":{"line":9,"column":13}}},"fnMap":{"0":{"name":"(anonymous_0)","decl":{"start":{"line":12,"column":2},"end":{"line":12,"column":null}},"loc":{"start":{"line":12,"column":2},"end":{"line":14,"column":3}}},"1":{"name":"(anonymous_1)","decl":{"start":{"line":19,"column":2},"end":{"line":19,"column":7}},"loc":{"start":{"line":25,"column":3},"end":{"line":35,"column":3}}},"2":{"name":"(anonymous_2)","decl":{"start":{"line":40,"column":2},"end":{"line":40,"column":7}},"loc":{"start":{"line":41,"column":18},"end":{"line":57,"column":3}}},"3":{"name":"(anonymous_3)","decl":{"start":{"line":62,"column":2},"end":{"line":62,"column":7}},"loc":{"start":{"line":64,"column":30},"end":{"line":141,"column":3}}},"4":{"name":"(anonymous_4)","decl":{"start":{"line":146,"column":2},"end":{"line":146,"column":7}},"loc":{"start":{"line":146,"column":33},"end":{"line":158,"column":3}}},"5":{"name":"(anonymous_5)","decl":{"start":{"line":163,"column":2},"end":{"line":163,"column":7}},"loc":{"start":{"line":163,"column":45},"end":{"line":213,"column":3}}}},"branchMap":{"0":{"loc":{"start":{"line":45,"column":4},"end":{"line":47,"column":5}},"type":"if","locations":[{"start":{"line":45,"column":4},"end":{"line":47,"column":5}}]},"1":{"loc":{"start":{"line":68,"column":4},"end":{"line":70,"column":5}},"type":"if","locations":[{"start":{"line":68,"column":4},"end":{"line":70,"column":5}}]},"2":{"loc":{"start":{"line":78,"column":4},"end":{"line":82,"column":5}},"type":"if","locations":[{"start":{"line":78,"column":4},"end":{"line":82,"column":5}}]},"3":{"loc":{"start":{"line":84,"column":4},"end":{"line":88,"column":5}},"type":"if","locations":[{"start":{"line":84,"column":4},"end":{"line":88,"column":5}}]},"4":{"loc":{"start":{"line":90,"column":4},"end":{"line":94,"column":5}},"type":"if","locations":[{"start":{"line":90,"column":4},"end":{"line":94,"column":5}}]},"5":{"loc":{"start":{"line":96,"column":4},"end":{"line":100,"column":5}},"type":"if","locations":[{"start":{"line":96,"column":4},"end":{"line":100,"column":5}}]},"6":{"loc":{"start":{"line":102,"column":4},"end":{"line":106,"column":5}},"type":"if","locations":[{"start":{"line":102,"column":4},"end":{"line":106,"column":5}}]},"7":{"loc":{"start":{"line":108,"column":4},"end":{"line":112,"column":5}},"type":"if","locations":[{"start":{"line":108,"column":4},"end":{"line":112,"column":5}}]},"8":{"loc":{"start":{"line":114,"column":4},"end":{"line":118,"column":5}},"type":"if","locations":[{"start":{"line":114,"column":4},"end":{"line":118,"column":5}}]},"9":{"loc":{"start":{"line":121,"column":4},"end":{"line":123,"column":5}},"type":"if","locations":[{"start":{"line":121,"column":4},"end":{"line":123,"column":5}}]},"10":{"loc":{"start":{"line":135,"column":17},"end":{"line":135,"column":69}},"type":"cond-expr","locations":[{"start":{"line":135,"column":53},"end":{"line":135,"column":62}},{"start":{"line":135,"column":65},"end":{"line":135,"column":69}}]},"11":{"loc":{"start":{"line":136,"column":17},"end":{"line":136,"column":69}},"type":"cond-expr","locations":[{"start":{"line":136,"column":53},"end":{"line":136,"column":62}},{"start":{"line":136,"column":65},"end":{"line":136,"column":69}}]},"12":{"loc":{"start":{"line":149,"column":4},"end":{"line":151,"column":5}},"type":"if","locations":[{"start":{"line":149,"column":4},"end":{"line":151,"column":5}}]},"13":{"loc":{"start":{"line":189,"column":19},"end":{"line":189,"column":46}},"type":"binary-expr","locations":[{"start":{"line":189,"column":19},"end":{"line":189,"column":38}},{"start":{"line":189,"column":42},"end":{"line":189,"column":46}}]},"14":{"loc":{"start":{"line":192,"column":19},"end":{"line":192,"column":46}},"type":"binary-expr","locations":[{"start":{"line":192,"column":19},"end":{"line":192,"column":38}},{"start":{"line":192,"column":42},"end":{"line":192,"column":46}}]},"15":{"loc":{"start":{"line":193,"column":16},"end":{"line":193,"column":40}},"type":"binary-expr","locations":[{"start":{"line":193,"column":16},"end":{"line":193,"column":32}},{"start":{"line":193,"column":36},"end":{"line":193,"column":40}}]}},"s":{"0":0,"1":0,"2":0,"3":0,"4":0,"5":0,"6":0,"7":0,"8":0,"9":0,"10":0,"11":0,"12":0,"13":0,"14":0,"15":0,"16":0,"17":0,"18":0,"19":0,"20":0,"21":0,"22":0,"23":0,"24":0,"25":0,"26":0,"27":0,"28":0,"29":0,"30":0,"31":0,"32":0,"33":0,"34":0,"35":0,"36":0,"37":0,"38":0,"39":0,"40":0,"41":0,"42":0,"43":0,"44":0,"45":0,"46":0,"47":0,"48":0,"49":0,"50":0,"51":0,"52":0,"53":0,"54":0,"55":0,"56":0,"57":0,"58":0,"59":0,"60":0,"61":0},"f":{"0":0,"1":0,"2":0,"3":0,"4":0,"5":0},"b":{"0":[0],"1":[0],"2":[0],"3":[0],"4":[0],"5":[0],"6":[0],"7":[0],"8":[0],"9":[0],"10":[0,0],"11":[0,0],"12":[0],"13":[0,0],"14":[0,0],"15":[0,0]}}
,"C:\\Users\\user\\Desktop\\play ground\\task_management_application\\backend\\src\\utils\\classification.util.ts": {"path":"C:\\Users\\user\\Desktop\\play ground\\task_management_application\\backend\\src\\utils\\classification.util.ts","statementMap":{"0":{"start":{"line":9,"column":44},"end":{"line":50,"column":2}},"1":{"start":{"line":52,"column":44},"end":{"line":55,"column":2}},"2":{"start":{"line":62,"column":17},"end":{"line":62,"column":62}},"3":{"start":{"line":64,"column":4},"end":{"line":68,"column":5}},"4":{"start":{"line":65,"column":6},"end":{"line":67,"column":7}},"5":{"start":{"line":65,"column":37},"end":{"line":65,"column":59}},"6":{"start":{"line":66,"column":8},"end":{"line":66,"column":24}},"7":{"start":{"line":70,"column":4},"end":{"line":70,"column":21}},"8":{"start":{"line":77,"column":17},"end":{"line":77,"column":62}},"9":{"start":{"line":79,"column":4},"end":{"line":83,"column":5}},"10":{"start":{"line":80,"column":6},"end":{"line":82,"column":7}},"11":{"start":{"line":80,"column":37},"end":{"line":80,"column":59}},"12":{"start":{"line":81,"column":8},"end":{"line":81,"column":24}},"13":{"start":{"line":85,"column":4},"end":{"line":85,"column":17}},"14":{"start":{"line":96,"column":17},"end":{"line":96,"column":62}},"15":{"start":{"line":97,"column":26},"end":{"line":97,"column":52}},"16":{"start":{"line":99,"column":4},"end":{"line":103,"column":6}},"17":{"start":{"line":110,"column":48},"end":{"line":116,"column":6}},"18":{"start":{"line":118,"column":4},"end":{"line":118,"column":55}},"19":{"start":{"line":125,"column":24},"end":{"line":125,"column":63}},"20":{"start":{"line":126,"column":26},"end":{"line":127,"column":null}},"21":{"start":{"line":127,"column":6},"end":{"line":127,"column":28}},"22":{"start":{"line":129,"column":4},"end":{"line":129,"column":39}},"23":{"start":{"line":57,"column":0},"end":{"line":57,"column":13}}},"fnMap":{"0":{"name":"(anonymous_0)","decl":{"start":{"line":61,"column":2},"end":{"line":61,"column":8}},"loc":{"start":{"line":61,"column":68},"end":{"line":71,"column":3}}},"1":{"name":"(anonymous_1)","decl":{"start":{"line":65,"column":24},"end":{"line":65,"column":25}},"loc":{"start":{"line":65,"column":37},"end":{"line":65,"column":59}}},"2":{"name":"(anonymous_2)","decl":{"start":{"line":76,"column":2},"end":{"line":76,"column":8}},"loc":{"start":{"line":76,"column":68},"end":{"line":86,"column":3}}},"3":{"name":"(anonymous_3)","decl":{"start":{"line":80,"column":24},"end":{"line":80,"column":25}},"loc":{"start":{"line":80,"column":37},"end":{"line":80,"column":59}}},"4":{"name":"(anonymous_4)","decl":{"start":{"line":91,"column":2},"end":{"line":91,"column":8}},"loc":{"start":{"line":94,"column":42},"end":{"line":104,"column":3}}},"5":{"name":"(anonymous_5)","decl":{"start":{"line":109,"column":2},"end":{"line":109,"column":8}},"loc":{"start":{"line":109,"column":45},"end":{"line":119,"column":3}}},"6":{"name":"(anonymous_6)","decl":{"start":{"line":124,"column":10},"end":{"line":124,"column":16}},"loc":{"start":{"line":124,"column":45},"end":{"line":130,"column":3}}},"7":{"name":"(anonymous_7)","decl":{"start":{"line":126,"column":45},"end":{"line":126,"column":46}},"loc":{"start":{"line":127,"column":6},"end":{"line":127,"column":28}}}},"branchMap":{"0":{"loc":{"start":{"line":62,"column":29},"end":{"line":62,"column":46}},"type":"binary-expr","locations":[{"start":{"line":62,"column":29},"end":{"line":62,"column":40}},{"start":{"line":62,"column":44},"end":{"line":62,"column":46}}]},"1":{"loc":{"start":{"line":65,"column":6},"end":{"line":67,"column":7}},"type":"if","locations":[{"start":{"line":65,"column":6},"end":{"line":67,"column":7}}]},"2":{"loc":{"start":{"line":77,"column":29},"end":{"line":77,"column":46}},"type":"binary-expr","locations":[{"start":{"line":77,"column":29},"end":{"line":77,"column":40}},{"start":{"line":77,"column":44},"end":{"line":77,"column":46}}]},"3":{"loc":{"start":{"line":80,"column":6},"end":{"line":82,"column":7}},"type":"if","locations":[{"start":{"line":80,"column":6},"end":{"line":82,"column":7}}]},"4":{"loc":{"start":{"line":96,"column":29},"end":{"line":96,"column":46}},"type":"binary-expr","locations":[{"start":{"line":96,"column":29},"end":{"line":96,"column":40}},{"start":{"line":96,"column":44},"end":{"line":96,"column":46}}]},"5":{"loc":{"start":{"line":101,"column":23},"end":{"line":101,"column":42}},"type":"binary-expr","locations":[{"start":{"line":101,"column":23},"end":{"line":101,"column":34}},{"start":{"line":101,"column":38},"end":{"line":101,"column":42}}]},"6":{"loc":{"start":{"line":102,"column":31},"end":{"line":102,"column":48}},"type":"binary-expr","locations":[{"start":{"line":102,"column":31},"end":{"line":102,"column":42}},{"start":{"line":102,"column":46},"end":{"line":102,"column":48}}]},"7":{"loc":{"start":{"line":118,"column":11},"end":{"line":118,"column":54}},"type":"binary-expr","locations":[{"start":{"line":118,"column":11},"end":{"line":118,"column":30}},{"start":{"line":118,"column":34},"end":{"line":118,"column":54}}]}},"s":{"0":1,"1":1,"2":30,"3":30,"4":80,"5":495,"6":24,"7":6,"8":27,"9":27,"10":42,"11":165,"12":19,"13":8,"14":27,"15":27,"16":27,"17":9,"18":9,"19":27,"20":27,"21":864,"22":27,"23":1},"f":{"0":30,"1":495,"2":27,"3":165,"4":27,"5":9,"6":27,"7":864},"b":{"0":[30,23],"1":[24],"2":[27,22],"3":[19],"4":[27,20],"5":[27,22],"6":[27,20],"7":[9,2]}}
,"C:\\Users\\user\\Desktop\\play ground\\task_management_application\\backend\\src\\validators\\task.schema.ts": {"path":"C:\\Users\\user\\Desktop\\play ground\\task_management_application\\backend\\src\\validators\\task.schema.ts","statementMap":{"0":{"start":{"line":1,"column":0},"end":{"line":1,"column":24}},"1":{"start":{"line":3,"column":13},"end":{"line":8,"column":3}},"2":{"start":{"line":12,"column":13},"end":{"line":26,"column":3}}},"fnMap":{},"branchMap":{},"s":{"0":0,"1":0,"2":0},"f":{},"b":{}}
}
