TN:
SF:src\config\db.ts
FN:10,(anonymous_1)
FNF:1
FNH:0
FNDA:0,(anonymous_1)
DA:1,0
DA:2,0
DA:4,0
DA:6,0
DA:10,0
DA:11,0
DA:14,0
LF:7
LH:0
BRF:0
BRH:0
end_of_record
TN:
SF:src\controllers\task.controller.ts
FN:9,(anonymous_0)
FN:17,(anonymous_1)
FN:49,(anonymous_2)
FN:72,(anonymous_3)
FN:110,(anonymous_4)
FN:152,(anonymous_5)
FN:189,(anonymous_6)
FN:198,(anonymous_7)
FN:203,(anonymous_8)
FNF:9
FNH:0
FNDA:0,(anonymous_0)
FNDA:0,(anonymous_1)
FNDA:0,(anonymous_2)
FNDA:0,(anonymous_3)
FNDA:0,(anonymous_4)
FNDA:0,(anonymous_5)
FNDA:0,(anonymous_6)
FNDA:0,(anonymous_7)
FNDA:0,(anonymous_8)
DA:2,0
DA:3,0
DA:4,0
DA:6,0
DA:10,0
DA:18,0
DA:20,0
DA:21,0
DA:22,0
DA:23,0
DA:24,0
DA:27,0
DA:36,0
DA:41,0
DA:50,0
DA:52,0
DA:55,0
DA:58,0
DA:64,0
DA:73,0
DA:74,0
DA:77,0
DA:78,0
DA:82,0
DA:86,0
DA:88,0
DA:89,0
DA:93,0
DA:97,0
DA:102,0
DA:111,0
DA:112,0
DA:115,0
DA:116,0
DA:120,0
DA:124,0
DA:127,0
DA:129,0
DA:130,0
DA:134,0
DA:138,0
DA:144,0
DA:153,0
DA:154,0
DA:157,0
DA:158,0
DA:162,0
DA:166,0
DA:168,0
DA:169,0
DA:173,0
DA:177,0
DA:182,0
DA:191,0
DA:192,0
DA:199,0
DA:200,0
DA:203,0
DA:208,0
DA:209,0
DA:210,0
DA:216,0
LF:62
LH:0
BRDA:20,0,0,0
BRDA:20,0,1,0
BRDA:21,1,0,0
BRDA:21,1,1,0
BRDA:22,2,0,0
BRDA:22,2,1,0
BRDA:23,3,0,0
BRDA:23,3,1,0
BRDA:24,4,0,0
BRDA:24,4,1,0
BRDA:77,5,0,0
BRDA:88,6,0,0
BRDA:115,7,0,0
BRDA:129,8,0,0
BRDA:157,9,0,0
BRDA:168,10,0,0
BRDA:199,11,0,0
BRDA:199,11,1,0
BRDA:208,12,0,0
BRDA:208,12,1,0
BRF:20
BRH:0
end_of_record
TN:
SF:src\repositories\task.repository.ts
FN:8,(anonymous_1)
FN:22,(anonymous_2)
FN:30,(anonymous_3)
FN:36,(anonymous_4)
FN:66,(anonymous_5)
FN:74,(anonymous_6)
FN:137,(anonymous_7)
FN:149,(anonymous_8)
FN:196,(anonymous_9)
FN:231,(anonymous_10)
FN:257,(anonymous_11)
FNF:11
FNH:0
FNDA:0,(anonymous_1)
FNDA:0,(anonymous_2)
FNDA:0,(anonymous_3)
FNDA:0,(anonymous_4)
FNDA:0,(anonymous_5)
FNDA:0,(anonymous_6)
FNDA:0,(anonymous_7)
FNDA:0,(anonymous_8)
FNDA:0,(anonymous_9)
FNDA:0,(anonymous_10)
FNDA:0,(anonymous_11)
DA:1,0
DA:4,0
DA:9,0
DA:10,0
DA:12,0
DA:13,0
DA:16,0
DA:23,0
DA:29,0
DA:30,0
DA:38,0
DA:39,0
DA:40,0
DA:42,0
DA:43,0
DA:44,0
DA:45,0
DA:49,0
DA:51,0
DA:58,0
DA:59,0
DA:60,0
DA:67,0
DA:68,0
DA:89,0
DA:90,0
DA:91,0
DA:93,0
DA:94,0
DA:95,0
DA:96,0
DA:99,0
DA:100,0
DA:101,0
DA:102,0
DA:105,0
DA:106,0
DA:107,0
DA:108,0
DA:113,0
DA:118,0
DA:119,0
DA:120,0
DA:123,0
DA:126,0
DA:134,0
DA:136,0
DA:137,0
DA:159,0
DA:177,0
DA:189,0
DA:190,0
DA:203,0
DA:216,0
DA:224,0
DA:225,0
DA:232,0
DA:258,0
LF:58
LH:0
BRDA:12,0,0,0
BRDA:93,1,0,0
BRDA:99,2,0,0
BRDA:105,3,0,0
BRDA:113,4,0,0
BRDA:113,4,1,0
BRDA:219,5,0,0
BRDA:219,5,1,0
BRDA:220,6,0,0
BRDA:220,6,1,0
BRDA:242,7,0,0
BRDA:242,7,1,0
BRDA:246,8,0,0
BRDA:246,8,1,0
BRDA:263,9,0,0
BRDA:263,9,1,0
BRDA:267,10,0,0
BRDA:267,10,1,0
BRF:18
BRH:0
end_of_record
TN:
SF:src\routes\task.routes.ts
FN:11,(anonymous_0)
FN:17,(anonymous_1)
FN:23,(anonymous_2)
FN:29,(anonymous_3)
FN:35,(anonymous_4)
FNF:5
FNH:0
FNDA:0,(anonymous_0)
FNDA:0,(anonymous_1)
FNDA:0,(anonymous_2)
FNDA:0,(anonymous_3)
FNDA:0,(anonymous_4)
DA:1,0
DA:2,0
DA:4,0
DA:5,0
DA:11,0
DA:17,0
DA:23,0
DA:29,0
DA:35,0
DA:37,0
LF:10
LH:0
BRF:0
BRH:0
end_of_record
TN:
SF:src\services\task.service.ts
FN:12,(anonymous_0)
FN:19,(anonymous_1)
FN:40,(anonymous_2)
FN:62,(anonymous_3)
FN:146,(anonymous_4)
FN:163,(anonymous_5)
FNF:6
FNH:0
FNDA:0,(anonymous_0)
FNDA:0,(anonymous_1)
FNDA:0,(anonymous_2)
FNDA:0,(anonymous_3)
FNDA:0,(anonymous_4)
FNDA:0,(anonymous_5)
DA:6,0
DA:7,0
DA:9,0
DA:13,0
DA:33,0
DA:34,0
DA:44,0
DA:45,0
DA:46,0
DA:50,0
DA:53,0
DA:67,0
DA:68,0
DA:69,0
DA:73,0
DA:74,0
DA:75,0
DA:78,0
DA:79,0
DA:80,0
DA:81,0
DA:84,0
DA:85,0
DA:86,0
DA:87,0
DA:90,0
DA:91,0
DA:92,0
DA:93,0
DA:96,0
DA:97,0
DA:98,0
DA:99,0
DA:102,0
DA:103,0
DA:104,0
DA:105,0
DA:108,0
DA:109,0
DA:110,0
DA:111,0
DA:114,0
DA:115,0
DA:116,0
DA:117,0
DA:121,0
DA:122,0
DA:126,0
DA:132,0
DA:140,0
DA:148,0
DA:149,0
DA:150,0
DA:155,0
DA:157,0
DA:165,0
DA:171,0
DA:177,0
DA:184,0
DA:187,0
DA:199,0
DA:212,0
LF:62
LH:0
BRDA:45,0,0,0
BRDA:68,1,0,0
BRDA:78,2,0,0
BRDA:84,3,0,0
BRDA:90,4,0,0
BRDA:96,5,0,0
BRDA:102,6,0,0
BRDA:108,7,0,0
BRDA:114,8,0,0
BRDA:121,9,0,0
BRDA:135,10,0,0
BRDA:135,10,1,0
BRDA:136,11,0,0
BRDA:136,11,1,0
BRDA:149,12,0,0
BRDA:189,13,0,0
BRDA:189,13,1,0
BRDA:192,14,0,0
BRDA:192,14,1,0
BRDA:193,15,0,0
BRDA:193,15,1,0
BRF:21
BRH:0
end_of_record
TN:
SF:src\utils\classification.util.ts
FN:61,(anonymous_0)
FN:65,(anonymous_1)
FN:76,(anonymous_2)
FN:80,(anonymous_3)
FN:91,(anonymous_4)
FN:109,(anonymous_5)
FN:124,(anonymous_6)
FN:126,(anonymous_7)
FNF:8
FNH:8
FNDA:30,(anonymous_0)
FNDA:495,(anonymous_1)
FNDA:27,(anonymous_2)
FNDA:165,(anonymous_3)
FNDA:27,(anonymous_4)
FNDA:9,(anonymous_5)
FNDA:27,(anonymous_6)
FNDA:864,(anonymous_7)
DA:9,1
DA:52,1
DA:57,1
DA:62,30
DA:64,30
DA:65,495
DA:66,24
DA:70,6
DA:77,27
DA:79,27
DA:80,165
DA:81,19
DA:85,8
DA:96,27
DA:97,27
DA:99,27
DA:110,9
DA:118,9
DA:125,27
DA:126,27
DA:127,864
DA:129,27
LF:22
LH:22
BRDA:62,0,0,30
BRDA:62,0,1,23
BRDA:65,1,0,24
BRDA:77,2,0,27
BRDA:77,2,1,22
BRDA:80,3,0,19
BRDA:96,4,0,27
BRDA:96,4,1,20
BRDA:101,5,0,27
BRDA:101,5,1,22
BRDA:102,6,0,27
BRDA:102,6,1,20
BRDA:118,7,0,9
BRDA:118,7,1,2
BRF:14
BRH:14
end_of_record
TN:
SF:src\validators\task.schema.ts
FNF:0
FNH:0
DA:1,0
DA:3,0
DA:12,0
LF:3
LH:0
BRF:0
BRH:0
end_of_record
